# JRE version: OpenJDK Runtime Environment (8.0_162-b12) (build 1.8.0_162-8u162-b12-0ubuntu0.17.10.2-b12)
# Java VM: OpenJDK 64-Bit Server VM (25.162-b12 mixed mode linux-amd64 compressed oops)
Heap:
 def new generation   total 4928K, used 2740K [0x00000000f0e00000, 0x00000000f1350000, 0x00000000f5ea0000)
  eden space 4416K,  50% used [0x00000000f0e00000, 0x00000000f102d1f0, 0x00000000f1250000)
  from space 512K,  99% used [0x00000000f12d0000, 0x00000000f134fff0, 0x00000000f1350000)
  to   space 512K,   0% used [0x00000000f1250000, 0x00000000f1250000, 0x00000000f12d0000)
 tenured generation   total 10944K, used 5888K [0x00000000f5ea0000, 0x00000000f6950000, 0x0000000100000000)
   the space 10944K,  53% used [0x00000000f5ea0000, 0x00000000f6460008, 0x00000000f6460200, 0x00000000f6950000)
 Metaspace       used 12248K, capacity 12424K, committed 12672K, reserved 1060864K
  class space    used 1507K, capacity 1604K, committed 1664K, reserved 1048576K
GC Heap History (10 events):
Event: 326.639 GC heap before
{Heap before GC invocations=10 (full 0):
 def new generation   total 4928K, used 4928K [0x00000000f0e00000, 0x00000000f1350000, 0x00000000f5ea0000)
  eden space 4416K, 100% used [0x00000000f0e00000, 0x00000000f1250000, 0x00000000f1250000)
  from space 512K, 100% used [0x00000000f1250000, 0x00000000f12d0000, 0x00000000f12d0000)
  to   space 512K,   0% used [0x00000000f12d0000, 0x00000000f12d0000, 0x00000000f1350000)
 tenured generation   total 10944K, used 3724K [0x00000000f5ea0000, 0x00000000f6950000, 0x0000000100000000)
   the space 10944K,  34% used [0x00000000f5ea0000, 0x00000000f6243340, 0x00000000f6243400, 0x00000000f6950000)
 Metaspace       used 9714K, capacity 9812K, committed 9984K, reserved 1058816K
  class space    used 1185K, capacity 1245K, committed 1280K, reserved 1048576K
Event: 327.076 GC heap after
Heap after GC invocations=11 (full 0):
 def new generation   total 4928K, used 512K [0x00000000f0e00000, 0x00000000f1350000, 0x00000000f5ea0000)
  eden space 4416K,   0% used [0x00000000f0e00000, 0x00000000f0e00000, 0x00000000f1250000)
  from space 512K, 100% used [0x00000000f12d0000, 0x00000000f1350000, 0x00000000f1350000)
  to   space 512K,   0% used [0x00000000f1250000, 0x00000000f1250000, 0x00000000f12d0000)
 tenured generation   total 10944K, used 4005K [0x00000000f5ea0000, 0x00000000f6950000, 0x0000000100000000)
   the space 10944K,  36% used [0x00000000f5ea0000, 0x00000000f6289438, 0x00000000f6289600, 0x00000000f6950000)
 Metaspace       used 9714K, capacity 9812K, committed 9984K, reserved 1058816K
  class space    used 1185K, capacity 1245K, committed 1280K, reserved 1048576K
}
Event: 343.888 GC heap before
{Heap before GC invocations=11 (full 0):
 def new generation   total 4928K, used 4928K [0x00000000f0e00000, 0x00000000f1350000, 0x00000000f5ea0000)
  eden space 4416K, 100% used [0x00000000f0e00000, 0x00000000f1250000, 0x00000000f1250000)
  from space 512K, 100% used [0x00000000f12d0000, 0x00000000f1350000, 0x00000000f1350000)
  to   space 512K,   0% used [0x00000000f1250000, 0x00000000f1250000, 0x00000000f12d0000)
 tenured generation   total 10944K, used 4005K [0x00000000f5ea0000, 0x00000000f6950000, 0x0000000100000000)
   the space 10944K,  36% used [0x00000000f5ea0000, 0x00000000f6289438, 0x00000000f6289600, 0x00000000f6950000)
 Metaspace       used 10201K, capacity 10366K, committed 10624K, reserved 1058816K
  class space    used 1257K, capacity 1347K, committed 1408K, reserved 1048576K
Event: 343.930 GC heap after
Heap after GC invocations=12 (full 0):
 def new generation   total 4928K, used 511K [0x00000000f0e00000, 0x00000000f1350000, 0x00000000f5ea0000)
  eden space 4416K,   0% used [0x00000000f0e00000, 0x00000000f0e00000, 0x00000000f1250000)
  from space 512K,  99% used [0x00000000f1250000, 0x00000000f12cfff0, 0x00000000f12d0000)
  to   space 512K,   0% used [0x00000000f12d0000, 0x00000000f12d0000, 0x00000000f1350000)
 tenured generation   total 10944K, used 4320K [0x00000000f5ea0000, 0x00000000f6950000, 0x0000000100000000)
   the space 10944K,  39% used [0x00000000f5ea0000, 0x00000000f62d83c8, 0x00000000f62d8400, 0x00000000f6950000)
 Metaspace       used 10201K, capacity 10366K, committed 10624K, reserved 1058816K
  class space    used 1257K, capacity 1347K, committed 1408K, reserved 1048576K
}
Event: 352.387 GC heap before
{Heap before GC invocations=12 (full 0):
 def new generation   total 4928K, used 4927K [0x00000000f0e00000, 0x00000000f1350000, 0x00000000f5ea0000)
  eden space 4416K, 100% used [0x00000000f0e00000, 0x00000000f1250000, 0x00000000f1250000)
  from space 512K,  99% used [0x00000000f1250000, 0x00000000f12cfff0, 0x00000000f12d0000)
  to   space 512K,   0% used [0x00000000f12d0000, 0x00000000f12d0000, 0x00000000f1350000)
 tenured generation   total 10944K, used 4320K [0x00000000f5ea0000, 0x00000000f6950000, 0x0000000100000000)
   the space 10944K,  39% used [0x00000000f5ea0000, 0x00000000f62d83c8, 0x00000000f62d8400, 0x00000000f6950000)
 Metaspace       used 10778K, capacity 10942K, committed 11264K, reserved 1058816K
  class space    used 1324K, capacity 1411K, committed 1536K, reserved 1048576K
Event: 352.441 GC heap after
Heap after GC invocations=13 (full 0):
 def new generation   total 4928K, used 512K [0x00000000f0e00000, 0x00000000f1350000, 0x00000000f5ea0000)
  eden space 4416K,   0% used [0x00000000f0e00000, 0x00000000f0e00000, 0x00000000f1250000)
  from space 512K, 100% used [0x00000000f12d0000, 0x00000000f1350000, 0x00000000f1350000)
  to   space 512K,   0% used [0x00000000f1250000, 0x00000000f1250000, 0x00000000f12d0000)
 tenured generation   total 10944K, used 4804K [0x00000000f5ea0000, 0x00000000f6950000, 0x0000000100000000)
   the space 10944K,  43% used [0x00000000f5ea0000, 0x00000000f6351038, 0x00000000f6351200, 0x00000000f6950000)
 Metaspace       used 10778K, capacity 10942K, committed 11264K, reserved 1058816K
  class space    used 1324K, capacity 1411K, committed 1536K, reserved 1048576K
}
Event: 359.901 GC heap before
{Heap before GC invocations=13 (full 0):
 def new generation   total 4928K, used 4928K [0x00000000f0e00000, 0x00000000f1350000, 0x00000000f5ea0000)
  eden space 4416K, 100% used [0x00000000f0e00000, 0x00000000f1250000, 0x00000000f1250000)
  from space 512K, 100% used [0x00000000f12d0000, 0x00000000f1350000, 0x00000000f1350000)
  to   space 512K,   0% used [0x00000000f1250000, 0x00000000f1250000, 0x00000000f12d0000)
 tenured generation   total 10944K, used 4804K [0x00000000f5ea0000, 0x00000000f6950000, 0x0000000100000000)
   the space 10944K,  43% used [0x00000000f5ea0000, 0x00000000f6351038, 0x00000000f6351200, 0x00000000f6950000)
 Metaspace       used 11346K, capacity 11464K, committed 11776K, reserved 1058816K
  class space    used 1396K, capacity 1476K, committed 1536K, reserved 1048576K
Event: 360.088 GC heap after
Heap after GC invocations=14 (full 0):
 def new generation   total 4928K, used 512K [0x00000000f0e00000, 0x00000000f1350000, 0x00000000f5ea0000)
  eden space 4416K,   0% used [0x00000000f0e00000, 0x00000000f0e00000, 0x00000000f1250000)
  from space 512K, 100% used [0x00000000f1250000, 0x00000000f12d0000, 0x00000000f12d0000)
  to   space 512K,   0% used [0x00000000f12d0000, 0x00000000f12d0000, 0x00000000f1350000)
 tenured generation   total 10944K, used 5365K [0x00000000f5ea0000, 0x00000000f6950000, 0x0000000100000000)
   the space 10944K,  49% used [0x00000000f5ea0000, 0x00000000f63dd400, 0x00000000f63dd400, 0x00000000f6950000)
 Metaspace       used 11346K, capacity 11464K, committed 11776K, reserved 1058816K
  class space    used 1396K, capacity 1476K, committed 1536K, reserved 1048576K
}
Event: 364.017 GC heap before
{Heap before GC invocations=14 (full 0):
 def new generation   total 4928K, used 4928K [0x00000000f0e00000, 0x00000000f1350000, 0x00000000f5ea0000)
  eden space 4416K, 100% used [0x00000000f0e00000, 0x00000000f1250000, 0x00000000f1250000)
  from space 512K, 100% used [0x00000000f1250000, 0x00000000f12d0000, 0x00000000f12d0000)
  to   space 512K,   0% used [0x00000000f12d0000, 0x00000000f12d0000, 0x00000000f1350000)
 tenured generation   total 10944K, used 5365K [0x00000000f5ea0000, 0x00000000f6950000, 0x0000000100000000)
   the space 10944K,  49% used [0x00000000f5ea0000, 0x00000000f63dd400, 0x00000000f63dd400, 0x00000000f6950000)
 Metaspace       used 11957K, capacity 12136K, committed 12416K, reserved 1060864K
  class space    used 1472K, capacity 1572K, committed 1664K, reserved 1048576K
Event: 364.459 GC heap after
Heap after GC invocations=15 (full 0):
 def new generation   total 4928K, used 511K [0x00000000f0e00000, 0x00000000f1350000, 0x00000000f5ea0000)
  eden space 4416K,   0% used [0x00000000f0e00000, 0x00000000f0e00000, 0x00000000f1250000)
  from space 512K,  99% used [0x00000000f12d0000, 0x00000000f134fff0, 0x00000000f1350000)
  to   space 512K,   0% used [0x00000000f1250000, 0x00000000f1250000, 0x00000000f12d0000)
 tenured generation   total 10944K, used 5888K [0x00000000f5ea0000, 0x00000000f6950000, 0x0000000100000000)
   the space 10944K,  53% used [0x00000000f5ea0000, 0x00000000f6460008, 0x00000000f6460200, 0x00000000f6950000)
 Metaspace       used 11957K, capacity 12136K, committed 12416K, reserved 1060864K
  class space    used 1472K, capacity 1572K, committed 1664K, reserved 1048576K
}

